  [1m[36m (2.1ms)[0m  [1mCREATE TABLE "schema_migrations" ("version" varchar NOT NULL) [0m
  [1m[35m (0.6ms)[0m  select sqlite_version(*)
  [1m[36m (1.7ms)[0m  [1mCREATE UNIQUE INDEX "unique_schema_migrations" ON "schema_migrations" ("version")[0m
  [1m[35mActiveRecord::SchemaMigration Load (0.1ms)[0m  SELECT "schema_migrations".* FROM "schema_migrations"
Migrating to CreateTodoLists (20160211190308)
  [1m[36m (0.1ms)[0m  [1mbegin transaction[0m
  [1m[35m (0.3ms)[0m  CREATE TABLE "todo_lists" ("id" INTEGER PRIMARY KEY AUTOINCREMENT NOT NULL, "title" varchar, "description" text, "created_at" datetime NOT NULL, "updated_at" datetime NOT NULL) 
  [1m[36mSQL (0.2ms)[0m  [1mINSERT INTO "schema_migrations" ("version") VALUES (?)[0m  [["version", "20160211190308"]]
  [1m[35m (1.3ms)[0m  commit transaction
Migrating to CreateTodoItems (20160211190611)
  [1m[36m (0.3ms)[0m  [1mbegin transaction[0m
  [1m[35m (0.3ms)[0m  CREATE TABLE "todo_items" ("id" INTEGER PRIMARY KEY AUTOINCREMENT NOT NULL, "content" varchar, "todo_list_id" integer, "created_at" datetime NOT NULL, "updated_at" datetime NOT NULL) 
  [1m[36m (0.1ms)[0m  [1mCREATE  INDEX "index_todo_items_on_todo_list_id" ON "todo_items" ("todo_list_id")[0m
  [1m[35mSQL (0.2ms)[0m  INSERT INTO "schema_migrations" ("version") VALUES (?)  [["version", "20160211190611"]]
  [1m[36m (1.6ms)[0m  [1mcommit transaction[0m
Migrating to AddCompletedAtToTodoItems (20160211193608)
  [1m[35m (0.1ms)[0m  begin transaction
  [1m[36m (0.4ms)[0m  [1mALTER TABLE "todo_items" ADD "completed_at" datetime[0m
  [1m[35mSQL (0.1ms)[0m  INSERT INTO "schema_migrations" ("version") VALUES (?)  [["version", "20160211193608"]]
  [1m[36m (1.4ms)[0m  [1mcommit transaction[0m
  [1m[35mActiveRecord::SchemaMigration Load (0.1ms)[0m  SELECT "schema_migrations".* FROM "schema_migrations"
  [1m[36m (0.1ms)[0m  [1m            SELECT sql
            FROM sqlite_master
            WHERE name='index_todo_items_on_todo_list_id' AND type='index'
            UNION ALL
            SELECT sql
            FROM sqlite_temp_master
            WHERE name='index_todo_items_on_todo_list_id' AND type='index'
[0m


Started GET "/" for ::1 at 2017-03-06 13:18:07 +0200
  [1m[36mActiveRecord::SchemaMigration Load (0.5ms)[0m  [1mSELECT "schema_migrations".* FROM "schema_migrations"[0m
Processing by TodoListsController#index as HTML
  [1m[35mTodoList Load (0.6ms)[0m  SELECT "todo_lists".* FROM "todo_lists"
  Rendered todo_lists/index.html.erb within layouts/application (3.8ms)
Completed 200 OK in 1870ms (Views: 1855.2ms | ActiveRecord: 0.7ms)


Started GET "/assets/application.self-21e0df1e4591d4f4866abb6e422f68fde404d504fd5940f67f6078b973e77b6f.css?body=1" for ::1 at 2017-03-06 13:18:09 +0200


Started GET "/assets/jquery.self-c64a74367bda6ef8b860f19e74df08927ca99d2be2ac934e9e92d5fd361e0da4.js?body=1" for ::1 at 2017-03-06 13:18:09 +0200


Started GET "/assets/jquery_ujs.self-d602bdfe68ffc63b9f9cc512872aa3cfff046228a0a36e90dd476e8ef54c1b09.js?body=1" for ::1 at 2017-03-06 13:18:09 +0200


Started GET "/assets/turbolinks.self-c37727e9bd6b2735da5c311aa83fead54ed0be6cc8bd9a65309e9c5abe2cbfff.js?body=1" for ::1 at 2017-03-06 13:18:09 +0200


Started GET "/assets/todo_items.self-877aef30ae1b040ab8a3aba4e3e309a11d7f2612f44dde450b5c157aa5f95c05.js?body=1" for ::1 at 2017-03-06 13:18:09 +0200


Started GET "/assets/todo_lists.self-877aef30ae1b040ab8a3aba4e3e309a11d7f2612f44dde450b5c157aa5f95c05.js?body=1" for ::1 at 2017-03-06 13:18:09 +0200


Started GET "/assets/application.self-3b8dabdc891efe46b9a144b400ad69e37d7e5876bdc39dee783419a69d7ca819.js?body=1" for ::1 at 2017-03-06 13:18:09 +0200


Started GET "/" for ::1 at 2017-03-07 12:26:27 +0200
  [1m[36mActiveRecord::SchemaMigration Load (0.1ms)[0m  [1mSELECT "schema_migrations".* FROM "schema_migrations"[0m
Processing by TodoListsController#index as HTML
  [1m[35mTodoList Load (0.1ms)[0m  SELECT "todo_lists".* FROM "todo_lists"
  Rendered todo_lists/index.html.erb within layouts/application (3.0ms)
Completed 200 OK in 519ms (Views: 505.5ms | ActiveRecord: 0.3ms)


Started GET "/assets/application.self-21e0df1e4591d4f4866abb6e422f68fde404d504fd5940f67f6078b973e77b6f.css?body=1" for ::1 at 2017-03-07 12:26:28 +0200


Started GET "/assets/todo_items.self-877aef30ae1b040ab8a3aba4e3e309a11d7f2612f44dde450b5c157aa5f95c05.js?body=1" for ::1 at 2017-03-07 12:26:28 +0200


Started GET "/assets/todo_lists.self-877aef30ae1b040ab8a3aba4e3e309a11d7f2612f44dde450b5c157aa5f95c05.js?body=1" for ::1 at 2017-03-07 12:26:28 +0200


Started GET "/assets/application.self-3b8dabdc891efe46b9a144b400ad69e37d7e5876bdc39dee783419a69d7ca819.js?body=1" for ::1 at 2017-03-07 12:26:28 +0200


Started GET "/todo_lists/new" for ::1 at 2017-03-07 12:26:32 +0200
Processing by TodoListsController#new as HTML
  Rendered todo_lists/_form.html.erb (23.9ms)
  Rendered todo_lists/new.html.erb within layouts/application (30.0ms)
Completed 200 OK in 46ms (Views: 42.9ms | ActiveRecord: 0.3ms)


Started POST "/todo_lists" for ::1 at 2017-03-07 12:28:16 +0200
Processing by TodoListsController#create as HTML
  Parameters: {"utf8"=>"✓", "authenticity_token"=>"dmzIg4t0laslMWmPkTca0+pXKY6/e6DEOOZ0vanad+TxfZJrz6hQRCY2lv38XXrmwI+aFhscxFhq8z3Q+RWX1Q==", "todo_list"=>{"title"=>"WTF Bluemix", "description"=>"Trying to figure out what bluemix and IBM is even doing"}, "commit"=>"Create Todo list"}
  [1m[36m (0.1ms)[0m  [1mbegin transaction[0m
  [1m[35mSQL (0.5ms)[0m  INSERT INTO "todo_lists" ("title", "description", "created_at", "updated_at") VALUES (?, ?, ?, ?)  [["title", "WTF Bluemix"], ["description", "Trying to figure out what bluemix and IBM is even doing"], ["created_at", "2017-03-07 10:28:16.998660"], ["updated_at", "2017-03-07 10:28:16.998660"]]
  [1m[36m (1.3ms)[0m  [1mcommit transaction[0m
Redirected to http://localhost:3000/todo_lists/1
Completed 302 Found in 8ms (ActiveRecord: 1.9ms)


Started GET "/todo_lists/1" for ::1 at 2017-03-07 12:28:17 +0200
Processing by TodoListsController#show as HTML
  Parameters: {"id"=>"1"}
  [1m[35mTodoList Load (0.2ms)[0m  SELECT  "todo_lists".* FROM "todo_lists" WHERE "todo_lists"."id" = ? LIMIT 1  [["id", 1]]
  [1m[36mTodoItem Load (0.1ms)[0m  [1mSELECT "todo_items".* FROM "todo_items" WHERE "todo_items"."todo_list_id" = ?[0m  [["todo_list_id", 1]]
  Rendered collection (0.0ms)
  Rendered todo_items/_form.html.erb (10.5ms)
  Rendered todo_lists/show.html.erb within layouts/application (31.0ms)
Completed 200 OK in 51ms (Views: 43.6ms | ActiveRecord: 0.6ms)


Started GET "/" for ::1 at 2017-03-08 09:53:11 +0200
  [1m[36mActiveRecord::SchemaMigration Load (0.6ms)[0m  [1mSELECT "schema_migrations".* FROM "schema_migrations"[0m
Processing by TodoListsController#index as HTML
  [1m[35mTodoList Load (0.5ms)[0m  SELECT "todo_lists".* FROM "todo_lists"
  Rendered todo_lists/index.html.erb within layouts/application (6.9ms)
Completed 200 OK in 623ms (Views: 606.0ms | ActiveRecord: 0.9ms)


Started GET "/assets/application.self-0e03f5652bc0e3dd32163505c382ffb24c619bf79eb5f5bad03a8db3a5d53a3c.css?body=1" for ::1 at 2017-03-08 09:53:12 +0200


Started GET "/" for ::1 at 2017-03-08 18:38:28 +0200
  [1m[36mActiveRecord::SchemaMigration Load (0.5ms)[0m  [1mSELECT "schema_migrations".* FROM "schema_migrations"[0m
Processing by TodoListsController#index as HTML
  [1m[35mTodoList Load (0.6ms)[0m  SELECT "todo_lists".* FROM "todo_lists"
  Rendered todo_lists/index.html.erb within layouts/application (9.1ms)
Completed 200 OK in 261ms (Views: 246.2ms | ActiveRecord: 0.9ms)


Started GET "/assets/application.self-0e03f5652bc0e3dd32163505c382ffb24c619bf79eb5f5bad03a8db3a5d53a3c.css?body=1" for ::1 at 2017-03-08 18:38:28 +0200


Started GET "/assets/jquery.self-c64a74367bda6ef8b860f19e74df08927ca99d2be2ac934e9e92d5fd361e0da4.js?body=1" for ::1 at 2017-03-08 18:38:28 +0200


Started GET "/assets/application.self-3b8dabdc891efe46b9a144b400ad69e37d7e5876bdc39dee783419a69d7ca819.js?body=1" for ::1 at 2017-03-08 18:38:28 +0200


Started GET "/assets/turbolinks.self-c37727e9bd6b2735da5c311aa83fead54ed0be6cc8bd9a65309e9c5abe2cbfff.js?body=1" for ::1 at 2017-03-08 18:38:28 +0200


Started GET "/assets/jquery_ujs.self-d602bdfe68ffc63b9f9cc512872aa3cfff046228a0a36e90dd476e8ef54c1b09.js?body=1" for ::1 at 2017-03-08 18:38:28 +0200


Started GET "/assets/todo_items.self-877aef30ae1b040ab8a3aba4e3e309a11d7f2612f44dde450b5c157aa5f95c05.js?body=1" for ::1 at 2017-03-08 18:38:28 +0200


Started GET "/assets/todo_lists.self-877aef30ae1b040ab8a3aba4e3e309a11d7f2612f44dde450b5c157aa5f95c05.js?body=1" for ::1 at 2017-03-08 18:38:28 +0200
